0 info it worked if it ends with ok
1 verbose cli [ 'node',
1 verbose cli   '/usr/local/bin/npm',
1 verbose cli   'install',
1 verbose cli   '-g',
1 verbose cli   'generator-angular-fullstack' ]
2 info using npm@2.0.2
3 info using node@v0.10.32
4 verbose cache add [ 'generator-angular-fullstack', null ]
5 verbose cache add spec="generator-angular-fullstack" args=["generator-angular-fullstack",null]
6 verbose parsed spec { raw: 'generator-angular-fullstack',
6 verbose parsed spec   scope: null,
6 verbose parsed spec   name: 'generator-angular-fullstack',
6 verbose parsed spec   rawSpec: '',
6 verbose parsed spec   spec: '*',
6 verbose parsed spec   type: 'range' }
7 verbose parsed spec { raw: 'generator-angular-fullstack',
7 verbose parsed spec   scope: null,
7 verbose parsed spec   name: 'generator-angular-fullstack',
7 verbose parsed spec   rawSpec: '',
7 verbose parsed spec   spec: '*',
7 verbose parsed spec   type: 'range' }
8 verbose addNamed [ 'generator-angular-fullstack', '*' ]
9 verbose addNamed [ null, '*' ]
10 silly lockFile ab81aab8-generator-angular-fullstack generator-angular-fullstack@*
11 verbose lock generator-angular-fullstack@* /Users/tom/.npm/ab81aab8-generator-angular-fullstack.lock
12 silly addNameRange { name: 'generator-angular-fullstack',
12 silly addNameRange   range: '*',
12 silly addNameRange   hasData: false }
13 verbose mapToRegistry name generator-angular-fullstack
14 verbose mapToRegistry uri https://registry.npmjs.org/generator-angular-fullstack
15 verbose request on initialization, where is /generator-angular-fullstack
16 verbose request after pass 1, where is /generator-angular-fullstack
17 verbose request url raw /generator-angular-fullstack
18 verbose request resolving registry [ 'https://registry.npmjs.org/',
18 verbose request   './generator-angular-fullstack' ]
19 verbose request after pass 2, where is https://registry.npmjs.org/generator-angular-fullstack
20 verbose request no auth needed
21 info attempt registry request try #1 at 10:47:23
22 verbose request id 90abe979d91f8c98
23 http request GET https://registry.npmjs.org/generator-angular-fullstack
24 http 200 https://registry.npmjs.org/generator-angular-fullstack
25 silly registry.get cb [ 200,
25 silly registry.get   { date: 'Sun, 16 Nov 2014 10:47:23 GMT',
25 silly registry.get     server: 'CouchDB/1.5.0 (Erlang OTP/R16B03)',
25 silly registry.get     etag: '"DL9C3NACKVEC5XAJ2IVNC0QQX"',
25 silly registry.get     'content-type': 'application/json',
25 silly registry.get     'cache-control': 'max-age=60',
25 silly registry.get     'content-length': '81020',
25 silly registry.get     'accept-ranges': 'bytes',
25 silly registry.get     via: '1.1 varnish',
25 silly registry.get     age: '0',
25 silly registry.get     'x-served-by': 'cache-lcy1124-LCY',
25 silly registry.get     'x-cache': 'HIT',
25 silly registry.get     'x-cache-hits': '1',
25 silly registry.get     'x-timer': 'S1416134843.091286,VS0,VE83',
25 silly registry.get     vary: 'Accept',
25 silly registry.get     'keep-alive': 'timeout=10, max=50',
25 silly registry.get     connection: 'Keep-Alive' } ]
26 silly addNameRange number 2 { name: 'generator-angular-fullstack',
26 silly addNameRange   range: '*',
26 silly addNameRange   hasData: true }
27 silly addNameRange versions [ 'generator-angular-fullstack',
27 silly addNameRange   [ '0.0.1',
27 silly addNameRange     '0.0.2',
27 silly addNameRange     '0.0.3',
27 silly addNameRange     '0.0.4',
27 silly addNameRange     '0.0.5',
27 silly addNameRange     '0.1.0',
27 silly addNameRange     '0.2.0',
27 silly addNameRange     '1.0.0',
27 silly addNameRange     '1.0.1',
27 silly addNameRange     '1.1.0',
27 silly addNameRange     '1.1.1',
27 silly addNameRange     '1.2.0',
27 silly addNameRange     '1.2.1',
27 silly addNameRange     '1.2.2',
27 silly addNameRange     '1.2.3',
27 silly addNameRange     '1.2.4',
27 silly addNameRange     '1.2.5',
27 silly addNameRange     '1.2.6',
27 silly addNameRange     '1.2.7',
27 silly addNameRange     '1.3.0',
27 silly addNameRange     '1.3.1',
27 silly addNameRange     '1.3.2',
27 silly addNameRange     '1.3.3',
27 silly addNameRange     '1.4.0',
27 silly addNameRange     '1.4.1',
27 silly addNameRange     '1.4.2',
27 silly addNameRange     '1.4.3',
27 silly addNameRange     '2.0.0-rc1',
27 silly addNameRange     '2.0.0',
27 silly addNameRange     '2.0.1',
27 silly addNameRange     '2.0.2',
27 silly addNameRange     '2.0.3',
27 silly addNameRange     '2.0.4',
27 silly addNameRange     '2.0.5',
27 silly addNameRange     '2.0.6',
27 silly addNameRange     '2.0.7',
27 silly addNameRange     '2.0.8',
27 silly addNameRange     '2.0.9',
27 silly addNameRange     '2.0.10',
27 silly addNameRange     '2.0.11',
27 silly addNameRange     '2.0.12',
27 silly addNameRange     '2.0.13' ] ]
28 verbose addNamed [ 'generator-angular-fullstack', '2.0.13' ]
29 verbose addNamed [ '2.0.13', '2.0.13' ]
30 silly lockFile ad937c6d-nerator-angular-fullstack-2-0-13 generator-angular-fullstack@2.0.13
31 verbose lock generator-angular-fullstack@2.0.13 /Users/tom/.npm/ad937c6d-nerator-angular-fullstack-2-0-13.lock
32 silly lockFile 14910ca5-tor-angular-fullstack-2-0-13-tgz https://registry.npmjs.org/generator-angular-fullstack/-/generator-angular-fullstack-2.0.13.tgz
33 verbose lock https://registry.npmjs.org/generator-angular-fullstack/-/generator-angular-fullstack-2.0.13.tgz /Users/tom/.npm/14910ca5-tor-angular-fullstack-2-0-13-tgz.lock
34 verbose addRemoteTarball [ 'https://registry.npmjs.org/generator-angular-fullstack/-/generator-angular-fullstack-2.0.13.tgz',
34 verbose addRemoteTarball   '866333e9ca1e557336342b57b585582f65dd61bb' ]
35 info retry fetch attempt 1 at 10:47:23
36 info attempt registry request try #1 at 10:47:23
37 http fetch GET https://registry.npmjs.org/generator-angular-fullstack/-/generator-angular-fullstack-2.0.13.tgz
38 http fetch 200 https://registry.npmjs.org/generator-angular-fullstack/-/generator-angular-fullstack-2.0.13.tgz
39 silly fetchAndShaCheck shasum 866333e9ca1e557336342b57b585582f65dd61bb
40 silly lockFile 14910ca5-tor-angular-fullstack-2-0-13-tgz https://registry.npmjs.org/generator-angular-fullstack/-/generator-angular-fullstack-2.0.13.tgz
41 silly lockFile 14910ca5-tor-angular-fullstack-2-0-13-tgz https://registry.npmjs.org/generator-angular-fullstack/-/generator-angular-fullstack-2.0.13.tgz
42 silly lockFile ad937c6d-nerator-angular-fullstack-2-0-13 generator-angular-fullstack@2.0.13
43 silly lockFile ad937c6d-nerator-angular-fullstack-2-0-13 generator-angular-fullstack@2.0.13
44 silly lockFile ab81aab8-generator-angular-fullstack generator-angular-fullstack@*
45 silly lockFile ab81aab8-generator-angular-fullstack generator-angular-fullstack@*
46 silly resolved [ { name: 'generator-angular-fullstack',
46 silly resolved     version: '2.0.13',
46 silly resolved     description: 'Yeoman generator for creating MEAN stack applications, using MongoDB, Express, AngularJS, and Node',
46 silly resolved     keywords:
46 silly resolved      [ 'yeoman-generator',
46 silly resolved        'mean',
46 silly resolved        'mongodb',
46 silly resolved        'angularjs',
46 silly resolved        'express',
46 silly resolved        'scaffold',
46 silly resolved        'fullstack',
46 silly resolved        'framework',
46 silly resolved        'component',
46 silly resolved        'front-end',
46 silly resolved        'app' ],
46 silly resolved     homepage: 'https://github.com/DaftMonk/generator-angular-fullstack',
46 silly resolved     bugs: { url: 'https://github.com/DaftMonk/generator-angular-fullstack/issues' },
46 silly resolved     author: { name: 'Tyler Henkel' },
46 silly resolved     repository:
46 silly resolved      { type: 'git',
46 silly resolved        url: 'git://github.com/DaftMonk/generator-angular-fullstack.git' },
46 silly resolved     scripts: { test: 'grunt test' },
46 silly resolved     dependencies:
46 silly resolved      { 'yeoman-generator': '~0.17.0',
46 silly resolved        chalk: '~0.4.0',
46 silly resolved        wiredep: '~0.4.2',
46 silly resolved        'generator-ng-component': '~0.0.4' },
46 silly resolved     peerDependencies: { yo: '>=1.2.0' },
46 silly resolved     devDependencies:
46 silly resolved      { chai: '^1.9.1',
46 silly resolved        'fs-extra': '^0.9.1',
46 silly resolved        grunt: '~0.4.1',
46 silly resolved        'grunt-build-control': 'git://github.com/DaftMonk/grunt-build-control',
46 silly resolved        'grunt-contrib-clean': '^0.6.0',
46 silly resolved        'grunt-contrib-jshint': '^0.10.0',
46 silly resolved        'grunt-conventional-changelog': '~1.0.0',
46 silly resolved        'grunt-mocha-test': '^0.11.0',
46 silly resolved        'grunt-release': '~0.6.0',
46 silly resolved        'load-grunt-tasks': '~0.2.0',
46 silly resolved        marked: '~0.2.8',
46 silly resolved        mocha: '~1.21.0',
46 silly resolved        q: '^1.0.1',
46 silly resolved        semver: '~2.2.1',
46 silly resolved        shelljs: '^0.3.0',
46 silly resolved        'underscore.string': '^2.3.3' },
46 silly resolved     engines: { node: '>=0.10.0', npm: '>=1.2.10' },
46 silly resolved     licenses: [ [Object] ],
46 silly resolved     _id: 'generator-angular-fullstack@2.0.13',
46 silly resolved     _shasum: '866333e9ca1e557336342b57b585582f65dd61bb',
46 silly resolved     _from: 'generator-angular-fullstack@*',
46 silly resolved     _npmVersion: '1.4.10',
46 silly resolved     _npmUser: { name: 'daftmonk', email: 'tylerhenkel@hotmail.com' },
46 silly resolved     maintainers: [ [Object] ],
46 silly resolved     dist:
46 silly resolved      { shasum: '866333e9ca1e557336342b57b585582f65dd61bb',
46 silly resolved        tarball: 'http://registry.npmjs.org/generator-angular-fullstack/-/generator-angular-fullstack-2.0.13.tgz' },
46 silly resolved     directories: {},
46 silly resolved     _resolved: 'https://registry.npmjs.org/generator-angular-fullstack/-/generator-angular-fullstack-2.0.13.tgz' } ]
47 info install generator-angular-fullstack@2.0.13 into /usr/local/lib
48 info installOne generator-angular-fullstack@2.0.13
49 verbose lib/node_modules/generator-angular-fullstack unbuild
50 verbose gentlyRm vacuuming /usr/local/lib/node_modules/generator-angular-fullstack
51 verbose tar unpack /Users/tom/.npm/generator-angular-fullstack/2.0.13/package.tgz
52 silly lockFile fc84baa9-ules-generator-angular-fullstack tar:///usr/local/lib/node_modules/generator-angular-fullstack
53 verbose lock tar:///usr/local/lib/node_modules/generator-angular-fullstack /Users/tom/.npm/fc84baa9-ules-generator-angular-fullstack.lock
54 silly lockFile baa005cf-lar-fullstack-2-0-13-package-tgz tar:///Users/tom/.npm/generator-angular-fullstack/2.0.13/package.tgz
55 verbose lock tar:///Users/tom/.npm/generator-angular-fullstack/2.0.13/package.tgz /Users/tom/.npm/baa005cf-lar-fullstack-2-0-13-package-tgz.lock
56 verbose gentlyRm vacuuming /usr/local/lib/node_modules/generator-angular-fullstack
57 silly gunzTarPerm modes [ '755', '644' ]
58 verbose fstream_path /usr/local/lib/node_modules/generator-angular-fullstack
59 verbose fstream_type Directory
60 verbose fstream_class DirWriter
61 verbose stack Error: EACCES, mkdir '/usr/local/lib/node_modules/generator-angular-fullstack'
62 verbose fstream_stack /usr/local/lib/node_modules/npm/node_modules/fstream/lib/dir-writer.js:36:23
62 verbose fstream_stack /usr/local/lib/node_modules/npm/node_modules/mkdirp/index.js:46:53
62 verbose fstream_stack Object.oncomplete (fs.js:107:15)
63 verbose cwd /Users/tom/Documents/development/ciaf
64 error Darwin 14.0.0
65 error argv "node" "/usr/local/bin/npm" "install" "-g" "generator-angular-fullstack"
66 error node v0.10.32
67 error npm  v2.0.2
68 error path /usr/local/lib/node_modules/generator-angular-fullstack
69 error code EACCES
70 error errno 3
71 error Error: EACCES, mkdir '/usr/local/lib/node_modules/generator-angular-fullstack'
71 error  { [Error: EACCES, mkdir '/usr/local/lib/node_modules/generator-angular-fullstack']
71 error   errno: 3,
71 error   code: 'EACCES',
71 error   path: '/usr/local/lib/node_modules/generator-angular-fullstack',
71 error   fstream_type: 'Directory',
71 error   fstream_path: '/usr/local/lib/node_modules/generator-angular-fullstack',
71 error   fstream_class: 'DirWriter',
71 error   fstream_stack:
71 error    [ '/usr/local/lib/node_modules/npm/node_modules/fstream/lib/dir-writer.js:36:23',
71 error      '/usr/local/lib/node_modules/npm/node_modules/mkdirp/index.js:46:53',
71 error      'Object.oncomplete (fs.js:107:15)' ] }
72 error Please try running this command again as root/Administrator.
73 verbose exit [ 3, true ]
