0 info it worked if it ends with ok
1 verbose cli [ 'node', '/usr/local/bin/npm', 'install', 'azure-cli', '-g' ]
2 info using npm@2.0.2
3 info using node@v0.10.32
4 verbose cache add [ 'azure-cli', null ]
5 verbose cache add spec="azure-cli" args=["azure-cli",null]
6 verbose parsed spec { raw: 'azure-cli',
6 verbose parsed spec   scope: null,
6 verbose parsed spec   name: 'azure-cli',
6 verbose parsed spec   rawSpec: '',
6 verbose parsed spec   spec: '*',
6 verbose parsed spec   type: 'range' }
7 verbose parsed spec { raw: 'azure-cli',
7 verbose parsed spec   scope: null,
7 verbose parsed spec   name: 'azure-cli',
7 verbose parsed spec   rawSpec: '',
7 verbose parsed spec   spec: '*',
7 verbose parsed spec   type: 'range' }
8 verbose addNamed [ 'azure-cli', '*' ]
9 verbose addNamed [ null, '*' ]
10 silly lockFile fb5713d5-azure-cli azure-cli@*
11 verbose lock azure-cli@* /Users/tom/.npm/fb5713d5-azure-cli.lock
12 silly addNameRange { name: 'azure-cli', range: '*', hasData: false }
13 verbose mapToRegistry name azure-cli
14 verbose mapToRegistry uri https://registry.npmjs.org/azure-cli
15 verbose request on initialization, where is /azure-cli
16 verbose request after pass 1, where is /azure-cli
17 verbose request url raw /azure-cli
18 verbose request resolving registry [ 'https://registry.npmjs.org/', './azure-cli' ]
19 verbose request after pass 2, where is https://registry.npmjs.org/azure-cli
20 verbose request no auth needed
21 info attempt registry request try #1 at 21:15:47
22 verbose request id 01fd9e71c316d561
23 http request GET https://registry.npmjs.org/azure-cli
24 http 200 https://registry.npmjs.org/azure-cli
25 silly registry.get cb [ 200,
25 silly registry.get   { date: 'Mon, 19 Jan 2015 21:15:48 GMT',
25 silly registry.get     server: 'CouchDB/1.5.0 (Erlang OTP/R16B03)',
25 silly registry.get     etag: '"7SDXFKWHX1PR8MF8C7T22TPO3"',
25 silly registry.get     'content-type': 'application/json',
25 silly registry.get     'cache-control': 'max-age=60',
25 silly registry.get     'content-length': '92533',
25 silly registry.get     'accept-ranges': 'bytes',
25 silly registry.get     via: '1.1 varnish',
25 silly registry.get     age: '0',
25 silly registry.get     'x-served-by': 'cache-lhr6323-LHR',
25 silly registry.get     'x-cache': 'MISS',
25 silly registry.get     'x-cache-hits': '0',
25 silly registry.get     'x-timer': 'S1421702147.702631,VS0,VE605',
25 silly registry.get     vary: 'Accept',
25 silly registry.get     'keep-alive': 'timeout=10, max=50',
25 silly registry.get     connection: 'Keep-Alive' } ]
26 silly addNameRange number 2 { name: 'azure-cli', range: '*', hasData: true }
27 silly addNameRange versions [ 'azure-cli',
27 silly addNameRange   [ '0.6.8',
27 silly addNameRange     '0.6.9',
27 silly addNameRange     '0.6.10',
27 silly addNameRange     '0.6.11',
27 silly addNameRange     '0.6.14',
27 silly addNameRange     '0.6.15',
27 silly addNameRange     '0.6.16',
27 silly addNameRange     '0.6.17',
27 silly addNameRange     '0.6.18',
27 silly addNameRange     '0.7.0',
27 silly addNameRange     '0.7.1',
27 silly addNameRange     '0.7.2',
27 silly addNameRange     '0.7.3',
27 silly addNameRange     '0.7.4',
27 silly addNameRange     '0.7.5',
27 silly addNameRange     '0.8.0',
27 silly addNameRange     '0.8.1',
27 silly addNameRange     '0.8.2',
27 silly addNameRange     '0.8.3',
27 silly addNameRange     '0.8.4',
27 silly addNameRange     '0.8.5',
27 silly addNameRange     '0.8.6',
27 silly addNameRange     '0.8.7',
27 silly addNameRange     '0.8.8',
27 silly addNameRange     '0.8.9',
27 silly addNameRange     '0.8.10',
27 silly addNameRange     '0.8.11',
27 silly addNameRange     '0.8.12',
27 silly addNameRange     '0.8.13' ] ]
28 verbose addNamed [ 'azure-cli', '0.8.13' ]
29 verbose addNamed [ '0.8.13', '0.8.13' ]
30 silly lockFile c96b3fbf-azure-cli-0-8-13 azure-cli@0.8.13
31 verbose lock azure-cli@0.8.13 /Users/tom/.npm/c96b3fbf-azure-cli-0-8-13.lock
32 silly lockFile ca25da93-g-azure-cli-azure-cli-0-8-13-tgz https://registry.npmjs.org/azure-cli/-/azure-cli-0.8.13.tgz
33 verbose lock https://registry.npmjs.org/azure-cli/-/azure-cli-0.8.13.tgz /Users/tom/.npm/ca25da93-g-azure-cli-azure-cli-0-8-13-tgz.lock
34 verbose addRemoteTarball [ 'https://registry.npmjs.org/azure-cli/-/azure-cli-0.8.13.tgz',
34 verbose addRemoteTarball   'e155c8bfc5be35a1c43084074a6c0c098bdd015e' ]
35 info retry fetch attempt 1 at 21:15:48
36 info attempt registry request try #1 at 21:15:48
37 http fetch GET https://registry.npmjs.org/azure-cli/-/azure-cli-0.8.13.tgz
38 http fetch 200 https://registry.npmjs.org/azure-cli/-/azure-cli-0.8.13.tgz
39 silly fetchAndShaCheck shasum e155c8bfc5be35a1c43084074a6c0c098bdd015e
40 silly lockFile ca25da93-g-azure-cli-azure-cli-0-8-13-tgz https://registry.npmjs.org/azure-cli/-/azure-cli-0.8.13.tgz
41 silly lockFile ca25da93-g-azure-cli-azure-cli-0-8-13-tgz https://registry.npmjs.org/azure-cli/-/azure-cli-0.8.13.tgz
42 silly lockFile c96b3fbf-azure-cli-0-8-13 azure-cli@0.8.13
43 silly lockFile c96b3fbf-azure-cli-0-8-13 azure-cli@0.8.13
44 silly lockFile fb5713d5-azure-cli azure-cli@*
45 silly lockFile fb5713d5-azure-cli azure-cli@*
46 silly resolved [ { name: 'azure-cli',
46 silly resolved     author: { name: 'Microsoft Corporation' },
46 silly resolved     contributors:
46 silly resolved      [ [Object],
46 silly resolved        [Object],
46 silly resolved        [Object],
46 silly resolved        [Object],
46 silly resolved        [Object],
46 silly resolved        [Object],
46 silly resolved        [Object] ],
46 silly resolved     version: '0.8.13',
46 silly resolved     description: 'Microsoft Azure Cross Platform Command Line tool',
46 silly resolved     tags: [ 'azure', 'cli' ],
46 silly resolved     keywords: [ 'node', 'azure', 'cli', 'cloud hosting', 'deployment' ],
46 silly resolved     main: './lib/cli.js',
46 silly resolved     preferGlobal: 'true',
46 silly resolved     engines: { node: '>= 0.8.26' },
46 silly resolved     licenses: [ [Object] ],
46 silly resolved     dependencies:
46 silly resolved      { 'adal-node': '0.1.7',
46 silly resolved        async: '0.2.7',
46 silly resolved        azure: '0.10.2',
46 silly resolved        'azure-common': '0.9.9',
46 silly resolved        'azure-gallery': '2.0.0-pre.12',
46 silly resolved        'azure-mgmt-authorization': '0.9.0-pre.3',
46 silly resolved        'azure-mgmt-resource': '2.0.0-pre.13',
46 silly resolved        'azure-storage': '0.4.0',
46 silly resolved        'azure-storage-legacy': '0.9.11',
46 silly resolved        'azure-extra': '0.1.4',
46 silly resolved        mime: '~1.2.4',
46 silly resolved        colors: '0.x.x',
46 silly resolved        commander: '1.0.4',
46 silly resolved        'easy-table': '0.0.1',
46 silly resolved        'event-stream': '3.1.5',
46 silly resolved        eyes: '0.x.x',
46 silly resolved        github: '0.1.6',
46 silly resolved        kuduscript: '0.1.11',
46 silly resolved        moment: '2.6.0',
46 silly resolved        'node-uuid': '1.2.0',
46 silly resolved        omelette: '0.1.0',
46 silly resolved        request: '2.27.0',
46 silly resolved        streamline: '0.4.5',
46 silly resolved        through: '2.3.4',
46 silly resolved        tunnel: '0.0.2',
46 silly resolved        underscore: '1.4.x',
46 silly resolved        validator: '~3.1.0',
46 silly resolved        winston: '0.6.x',
46 silly resolved        wordwrap: '0.0.2',
46 silly resolved        xml2js: '0.1.x',
46 silly resolved        xmlbuilder: '0.4.x',
46 silly resolved        'readable-stream': '~1.0.0',
46 silly resolved        'openssl-wrapper': '0.2.1',
46 silly resolved        'caller-id': '0.1.x' },
46 silly resolved     devDependencies:
46 silly resolved      { mocha: '1.16.0',
46 silly resolved        jshint: '>= 2.1.4',
46 silly resolved        sinon: '*',
46 silly resolved        should: '3.3.2',
46 silly resolved        nock: '0.16',
46 silly resolved        'winston-memory': '*',
46 silly resolved        cucumber: '~0.3.0' },
46 silly resolved     homepage: 'https://github.com/WindowsAzure/azure-xplat-cli',
46 silly resolved     repository:
46 silly resolved      { type: 'git',
46 silly resolved        url: 'git@github.com:WindowsAzure/azure-xplat-cli.git' },
46 silly resolved     bugs: { url: 'https://github.com/WindowsAzure/azure-xplat-cli/issues' },
46 silly resolved     scripts:
46 silly resolved      { test: 'npm -s run-script jshint && npm -s run-script unit && npm -s run-script unit-arm',
46 silly resolved        unit: 'node scripts/unit.js testlist.txt',
46 silly resolved        'unit-mc': 'node scripts/unit.js --mc testlistmc.txt',
46 silly resolved        'unit-arm': 'node scripts/unit.js testlistarm.txt',
46 silly resolved        jshint: 'jshint lib --jslint-reporter --extra-ext ._js',
46 silly resolved        preci: 'jshint lib --reporter=checkstyle --extra-ext ._js > checkstyle-result.xml',
46 silly resolved        ci: 'node scripts/unit.js testlist.txt -xunit',
46 silly resolved        preacceptance: 'node scripts/cuke-environment.js setup',
46 silly resolved        acceptance: 'node node_modules/cucumber/bin/cucumber.js',
46 silly resolved        postacceptance: 'node scripts/cuke-environment.js teardown',
46 silly resolved        'extract-labels': 'node scripts/extract-labels' },
46 silly resolved     bin: { azure: './bin/azure' },
46 silly resolved     gitHead: '9d3950d4eaababd7c95dad51e0a8505405051e24',
46 silly resolved     _id: 'azure-cli@0.8.13',
46 silly resolved     _shasum: 'e155c8bfc5be35a1c43084074a6c0c098bdd015e',
46 silly resolved     _from: 'azure-cli@*',
46 silly resolved     _npmVersion: '2.1.12',
46 silly resolved     _nodeVersion: '0.10.23',
46 silly resolved     _npmUser: { name: 'windowsazure', email: 'azuresdk@outlook.com' },
46 silly resolved     maintainers: [ [Object] ],
46 silly resolved     dist:
46 silly resolved      { shasum: 'e155c8bfc5be35a1c43084074a6c0c098bdd015e',
46 silly resolved        tarball: 'http://registry.npmjs.org/azure-cli/-/azure-cli-0.8.13.tgz' },
46 silly resolved     directories: {},
46 silly resolved     _resolved: 'https://registry.npmjs.org/azure-cli/-/azure-cli-0.8.13.tgz' } ]
47 info install azure-cli@0.8.13 into /usr/local/lib
48 info installOne azure-cli@0.8.13
49 verbose lib/node_modules/azure-cli unbuild
50 verbose gentlyRm vacuuming /usr/local/lib/node_modules/azure-cli
51 verbose tar unpack /Users/tom/.npm/azure-cli/0.8.13/package.tgz
52 silly lockFile 5e0be1a0-local-lib-node-modules-azure-cli tar:///usr/local/lib/node_modules/azure-cli
53 verbose lock tar:///usr/local/lib/node_modules/azure-cli /Users/tom/.npm/5e0be1a0-local-lib-node-modules-azure-cli.lock
54 silly lockFile c79e44aa-npm-azure-cli-0-8-13-package-tgz tar:///Users/tom/.npm/azure-cli/0.8.13/package.tgz
55 verbose lock tar:///Users/tom/.npm/azure-cli/0.8.13/package.tgz /Users/tom/.npm/c79e44aa-npm-azure-cli-0-8-13-package-tgz.lock
56 verbose gentlyRm vacuuming /usr/local/lib/node_modules/azure-cli
57 silly gunzTarPerm modes [ '755', '644' ]
58 verbose fstream_path /usr/local/lib/node_modules/azure-cli
59 verbose fstream_type Directory
60 verbose fstream_class DirWriter
61 verbose stack Error: EACCES, mkdir '/usr/local/lib/node_modules/azure-cli'
62 verbose fstream_stack /usr/local/lib/node_modules/npm/node_modules/fstream/lib/dir-writer.js:36:23
62 verbose fstream_stack /usr/local/lib/node_modules/npm/node_modules/mkdirp/index.js:46:53
62 verbose fstream_stack Object.oncomplete (fs.js:107:15)
63 verbose cwd /Users/tom/Documents/development/ciaf2/admin
64 error Darwin 14.0.0
65 error argv "node" "/usr/local/bin/npm" "install" "azure-cli" "-g"
66 error node v0.10.32
67 error npm  v2.0.2
68 error path /usr/local/lib/node_modules/azure-cli
69 error code EACCES
70 error errno 3
71 error Error: EACCES, mkdir '/usr/local/lib/node_modules/azure-cli'
71 error  { [Error: EACCES, mkdir '/usr/local/lib/node_modules/azure-cli']
71 error   errno: 3,
71 error   code: 'EACCES',
71 error   path: '/usr/local/lib/node_modules/azure-cli',
71 error   fstream_type: 'Directory',
71 error   fstream_path: '/usr/local/lib/node_modules/azure-cli',
71 error   fstream_class: 'DirWriter',
71 error   fstream_stack:
71 error    [ '/usr/local/lib/node_modules/npm/node_modules/fstream/lib/dir-writer.js:36:23',
71 error      '/usr/local/lib/node_modules/npm/node_modules/mkdirp/index.js:46:53',
71 error      'Object.oncomplete (fs.js:107:15)' ] }
72 error Please try running this command again as root/Administrator.
73 verbose exit [ 3, true ]
